#
# A fatal error has been detected by the Java Runtime Environment:
#
#  EXCEPTION_ACCESS_VIOLATION (0xc0000005) at pc=0x000000006ee76520, pid=11916, tid=16836
#
# JRE version: Java(TM) SE Runtime Environment (10.0+46) (build 10+46)
# Java VM: Java HotSpot(TM) 64-Bit Server VM (10+46, mixed mode, tiered, compressed oops, g1 gc, windows-amd64)
# Problematic frame:
# C  [xuggle13703373576625897278.dll+0x736520]
#
# No core dump will be written. Minidumps are not enabled by default on client versions of Windows
#
# If you would like to submit a bug report, please visit:
#   http://bugreport.java.com/bugreport/crash.jsp
# The crash happened outside the Java Virtual Machine in native code.
# See problematic frame for where to report the bug.
#

---------------  S U M M A R Y ------------

Command Line: -javaagent:C:\Program Files\JetBrains\IntelliJ IDEA 2019.1.3\lib\idea_rt.jar=59708:C:\Program Files\JetBrains\IntelliJ IDEA 2019.1.3\bin -Dfile.encoding=UTF-8 com.audiolemon.app.AppApplicationKt

Host: Intel(R) Core(TM) i5-5300U CPU @ 2.30GHz, 4 cores, 7G,  Windows 10 , 64 bit Build 18362 (10.0.18362.329)
Time: Thu Jun 25 13:02:53 2020 W. Central Africa Standard Time elapsed time: 23 seconds (0d 0h 0m 23s)

---------------  T H R E A D  ---------------

Current thread (0x000002e0cade8800):  JavaThread "http-nio-8080-exec-1" daemon [_thread_in_native, id=16836, stack(0x000000e46b900000,0x000000e46ba00000)]

Stack: [0x000000e46b900000,0x000000e46ba00000],  sp=0x000000e46b9fb410,  free space=1005k
Native frames: (J=compiled Java code, j=interpreted, Vv=VM code, C=native code)
C  [xuggle13703373576625897278.dll+0x736520]

Java frames: (J=compiled Java code, j=interpreted, Vv=VM code)
j  com.xuggle.xuggler.XugglerJNI.IStreamCoder_decodeAudio(JLcom/xuggle/xuggler/IStreamCoder;JLcom/xuggle/xuggler/IAudioSamples;JLcom/xuggle/xuggler/IPacket;I)I+0
j  com.xuggle.xuggler.IStreamCoder.decodeAudio(Lcom/xuggle/xuggler/IAudioSamples;Lcom/xuggle/xuggler/IPacket;I)I+16
j  com.audiolemon.videogenerator.LemonVideo.FADecoder()V+193
j  com.audiolemon.videogenerator.LemonVideo.<init>(Lcom/audiolemon/videogenerator/LemonData;)V+167
j  com.audiolemon.app.controllers.MainController.postController(Lorg/springframework/web/multipart/MultipartFile;)V+55
v  ~StubRoutines::call_stub
J 3013  jdk.internal.reflect.NativeMethodAccessorImpl.invoke0(Ljava/lang/reflect/Method;Ljava/lang/Object;[Ljava/lang/Object;)Ljava/lang/Object; java.base@10 (0 bytes) @ 0x000002e0b8d9a1bf [0x000002e0b8d9a140+0x000000000000007f]
J 2433 c1 jdk.internal.reflect.NativeMethodAccessorImpl.invoke(Ljava/lang/Object;[Ljava/lang/Object;)Ljava/lang/Object; java.base@10 (104 bytes) @ 0x000002e0b1b8d744 [0x000002e0b1b8cb40+0x0000000000000c04]
J 2355 c1 jdk.internal.reflect.DelegatingMethodAccessorImpl.invoke(Ljava/lang/Object;[Ljava/lang/Object;)Ljava/lang/Object; java.base@10 (10 bytes) @ 0x000002e0b1b50b5c [0x000002e0b1b50a60+0x00000000000000fc]
J 2439 c1 java.lang.reflect.Method.invoke(Ljava/lang/Object;[Ljava/lang/Object;)Ljava/lang/Object; java.base@10 (65 bytes) @ 0x000002e0b1b9464c [0x000002e0b1b94320+0x000000000000032c]
j  org.springframework.web.method.support.InvocableHandlerMethod.doInvoke([Ljava/lang/Object;)Ljava/lang/Object;+16
j  org.springframework.web.method.support.InvocableHandlerMethod.invokeForRequest(Lorg/springframework/web/context/request/NativeWebRequest;Lorg/springframework/web/method/support/ModelAndViewContainer;[Ljava/lang/Object;)Ljava/lang/Object;+56
j  org.springframework.web.servlet.mvc.method.annotation.ServletInvocableHandlerMethod.invokeAndHandle(Lorg/springframework/web/context/request/ServletWebRequest;Lorg/springframework/web/method/support/ModelAndViewContainer;[Ljava/lang/Object;)V+4
j  org.springframework.web.servlet.mvc.method.annotation.RequestMappingHandlerAdapter.invokeHandlerMethod(Ljavax/servlet/http/HttpServletRequest;Ljavax/servlet/http/HttpServletResponse;Lorg/springframework/web/method/HandlerMethod;)Lorg/springframework/web/servlet/ModelAndView;+244
j  org.springframework.web.servlet.mvc.method.annotation.RequestMappingHandlerAdapter.handleInternal(Ljavax/servlet/http/HttpServletRequest;Ljavax/servlet/http/HttpServletResponse;Lorg/springframework/web/method/HandlerMethod;)Lorg/springframework/web/servlet/ModelAndView;+81
j  org.springframework.web.servlet.mvc.method.AbstractHandlerMethodAdapter.handle(Ljavax/servlet/http/HttpServletRequest;Ljavax/servlet/http/HttpServletResponse;Ljava/lang/Object;)Lorg/springframework/web/servlet/ModelAndView;+7
j  org.springframework.web.servlet.DispatcherServlet.doDispatch(Ljavax/servlet/http/HttpServletRequest;Ljavax/servlet/http/HttpServletResponse;)V+257
j  org.springframework.web.servlet.DispatcherServlet.doService(Ljavax/servlet/http/HttpServletRequest;Ljavax/servlet/http/HttpServletResponse;)V+235
j  org.springframework.web.servlet.FrameworkServlet.processRequest(Ljavax/servlet/http/HttpServletRequest;Ljavax/servlet/http/HttpServletResponse;)V+71
j  org.springframework.web.servlet.FrameworkServlet.doPost(Ljavax/servlet/http/HttpServletRequest;Ljavax/servlet/http/HttpServletResponse;)V+3
j  javax.servlet.http.HttpServlet.service(Ljavax/servlet/http/HttpServletRequest;Ljavax/servlet/http/HttpServletResponse;)V+149
j  org.springframework.web.servlet.FrameworkServlet.service(Ljavax/servlet/http/HttpServletRequest;Ljavax/servlet/http/HttpServletResponse;)V+33
j  javax.servlet.http.HttpServlet.service(Ljavax/servlet/ServletRequest;Ljavax/servlet/ServletResponse;)V+36
j  org.apache.catalina.core.ApplicationFilterChain.internalDoFilter(Ljavax/servlet/ServletRequest;Ljavax/servlet/ServletResponse;)V+304
j  org.apache.catalina.core.ApplicationFilterChain.doFilter(Ljavax/servlet/ServletRequest;Ljavax/servlet/ServletResponse;)V+101
j  org.apache.tomcat.websocket.server.WsFilter.doFilter(Ljavax/servlet/ServletRequest;Ljavax/servlet/ServletResponse;Ljavax/servlet/FilterChain;)V+21
j  org.apache.catalina.core.ApplicationFilterChain.internalDoFilter(Ljavax/servlet/ServletRequest;Ljavax/servlet/ServletResponse;)V+135
j  org.apache.catalina.core.ApplicationFilterChain.doFilter(Ljavax/servlet/ServletRequest;Ljavax/servlet/ServletResponse;)V+101
j  org.springframework.web.filter.RequestContextFilter.doFilterInternal(Ljavax/servlet/http/HttpServletRequest;Ljavax/servlet/http/HttpServletResponse;Ljavax/servlet/FilterChain;)V+21
j  org.springframework.web.filter.OncePerRequestFilter.doFilter(Ljavax/servlet/ServletRequest;Ljavax/servlet/ServletResponse;Ljavax/servlet/FilterChain;)V+147
j  org.apache.catalina.core.ApplicationFilterChain.internalDoFilter(Ljavax/servlet/ServletRequest;Ljavax/servlet/ServletResponse;)V+135
j  org.apache.catalina.core.ApplicationFilterChain.doFilter(Ljavax/servlet/ServletRequest;Ljavax/servlet/ServletResponse;)V+101
j  org.springframework.web.filter.FormContentFilter.doFilterInternal(Ljavax/servlet/http/HttpServletRequest;Ljavax/servlet/http/HttpServletResponse;Ljavax/servlet/FilterChain;)V+38
j  org.springframework.web.filter.OncePerRequestFilter.doFilter(Ljavax/servlet/ServletRequest;Ljavax/servlet/ServletResponse;Ljavax/servlet/FilterChain;)V+147
j  org.apache.catalina.core.ApplicationFilterChain.internalDoFilter(Ljavax/servlet/ServletRequest;Ljavax/servlet/ServletResponse;)V+135
j  org.apache.catalina.core.ApplicationFilterChain.doFilter(Ljavax/servlet/ServletRequest;Ljavax/servlet/ServletResponse;)V+101
j  org.springframework.web.filter.CharacterEncodingFilter.doFilterInternal(Ljavax/servlet/http/HttpServletRequest;Ljavax/servlet/http/HttpServletResponse;Ljavax/servlet/FilterChain;)V+53
j  org.springframework.web.filter.OncePerRequestFilter.doFilter(Ljavax/servlet/ServletRequest;Ljavax/servlet/ServletResponse;Ljavax/servlet/FilterChain;)V+147
j  org.apache.catalina.core.ApplicationFilterChain.internalDoFilter(Ljavax/servlet/ServletRequest;Ljavax/servlet/ServletResponse;)V+135
j  org.apache.catalina.core.ApplicationFilterChain.doFilter(Ljavax/servlet/ServletRequest;Ljavax/servlet/ServletResponse;)V+101
j  org.apache.catalina.core.StandardWrapperValve.invoke(Lorg/apache/catalina/connector/Request;Lorg/apache/catalina/connector/Response;)V+694
j  org.apache.catalina.core.StandardContextValve.invoke(Lorg/apache/catalina/connector/Request;Lorg/apache/catalina/connector/Response;)V+166
j  org.apache.catalina.authenticator.AuthenticatorBase.invoke(Lorg/apache/catalina/connector/Request;Lorg/apache/catalina/connector/Response;)V+260
j  org.apache.catalina.core.StandardHostValve.invoke(Lorg/apache/catalina/connector/Request;Lorg/apache/catalina/connector/Response;)V+114
j  org.apache.catalina.valves.ErrorReportValve.invoke(Lorg/apache/catalina/connector/Request;Lorg/apache/catalina/connector/Response;)V+6
j  org.apache.catalina.core.StandardEngineValve.invoke(Lorg/apache/catalina/connector/Request;Lorg/apache/catalina/connector/Response;)V+45
j  org.apache.catalina.connector.CoyoteAdapter.service(Lorg/apache/coyote/Request;Lorg/apache/coyote/Response;)V+199
j  org.apache.coyote.http11.Http11Processor.service(Lorg/apache/tomcat/util/net/SocketWrapperBase;)Lorg/apache/tomcat/util/net/AbstractEndpoint$Handler$SocketState;+735
j  org.apache.coyote.AbstractProcessorLight.process(Lorg/apache/tomcat/util/net/SocketWrapperBase;Lorg/apache/tomcat/util/net/SocketEvent;)Lorg/apache/tomcat/util/net/AbstractEndpoint$Handler$SocketState;+170
j  org.apache.coyote.AbstractProtocol$ConnectionHandler.process(Lorg/apache/tomcat/util/net/SocketWrapperBase;Lorg/apache/tomcat/util/net/SocketEvent;)Lorg/apache/tomcat/util/net/AbstractEndpoint$Handler$SocketState;+505
j  org.apache.tomcat.util.net.NioEndpoint$SocketProcessor.doRun()V+214
j  org.apache.tomcat.util.net.SocketProcessorBase.run()V+21
j  java.util.concurrent.ThreadPoolExecutor.runWorker(Ljava/util/concurrent/ThreadPoolExecutor$Worker;)V+92 java.base@10
j  java.util.concurrent.ThreadPoolExecutor$Worker.run()V+5 java.base@10
j  org.apache.tomcat.util.threads.TaskThread$WrappingRunnable.run()V+4
j  java.lang.Thread.run()V+11 java.base@10
v  ~StubRoutines::call_stub

siginfo: EXCEPTION_ACCESS_VIOLATION (0xc0000005), reading address 0xffffffffffffffff


Register to memory mapping:

RIP=0x000000006ee76520 xuggle13703373576625897278.dll
RAX=0x000002e0d17b2a10 is an unknown value
RBX=0x0000000000000400 is an unknown value
RCX=0x000002e0d17b2a10 is an unknown value
RDX=0x0000000000000009 is an unknown value
RSP=0x000000e46b9fb410 is pointing into the stack for thread: 0x000002e0cade8800
RBP=0x000002e0ca7fa250 is an unknown value
RSI=0x000002e0d17b18f0 is an unknown value
RDI=0x0000000000000004 is an unknown value
R8 =0x000000006ee77580 xuggle13703373576625897278.dll
R9 =0x000000006ee76490 xuggle13703373576625897278.dll
R10=0x000002e0ca885140 is an unknown value
R11=0x000002e0ca80d600 is an unknown value
R12=0x000002e0ca80de00 is an unknown value
R13=0x0000000000000004 is an unknown value
R14=0x0000000000000184 is an unknown value
R15=0x0000000000001000 is an unknown value


Registers:
RAX=0x000002e0d17b2a10, RBX=0x0000000000000400, RCX=0x000002e0d17b2a10, RDX=0x0000000000000009
RSP=0x000000e46b9fb410, RBP=0x000002e0ca7fa250, RSI=0x000002e0d17b18f0, RDI=0x0000000000000004
R8 =0x000000006ee77580, R9 =0x000000006ee76490, R10=0x000002e0ca885140, R11=0x000002e0ca80d600
R12=0x000002e0ca80de00, R13=0x0000000000000004, R14=0x0000000000000184, R15=0x0000000000001000
RIP=0x000000006ee76520, EFLAGS=0x0000000000010202

Top of Stack: (sp=0x000000e46b9fb410)
0x000000e46b9fb410:   000000006ee76665 000000006ee774c5
0x000000e46b9fb420:   000000006ee77505 000000006ee77545
0x000000e46b9fb430:   000000006ee77585 000000006ee79426
0x000000e46b9fb440:   000002e0d17b18f0 0000000000000800
0x000000e46b9fb450:   000002e0d17b2a10 0000000000000400
0x000000e46b9fb460:   0000000087db0048 0000000000000000
0x000000e46b9fb470:   8000000000000000 0000000000000000
0x000000e46b9fb480:   000002e0ca7fa250 000002e0d17b0080
0x000000e46b9fb490:   0000000000000000 000000006ec22df1
0x000000e46b9fb4a0:   3030306265626562 000002e0cade8800
0x000000e46b9fb4b0:   000002e0ca7fa250 000002e0cbbe69d8
0x000000e46b9fb4c0:   0000000000010101 000002e0c77d4a10
0x000000e46b9fb4d0:   000002e0c799a818 0000000081ce0800
0x000000e46b9fb4e0:   000000e46b9fbc40 000002e0b8c71347
0x000000e46b9fb4f0:   0000000000000003 000000e46b9fb7c8
0x000000e46b9fb500:   000002e0caf23f90 000002e0cade8800 

Instructions: (pc=0x000000006ee76520)
0x000000006ee76500:   c4 e3 5d 0c c0 55 c5 e4 5c c8 c5 e4 58 c0 c5 fc
0x000000006ee76510:   29 01 c5 fc 29 49 20 c3 0f 1f 84 00 00 00 00 00
0x000000006ee76520:   c5 fc 28 51 40 c5 fc 28 59 60 c5 ec 5c fb c5 ec
0x000000006ee76530:   58 d3 c5 c4 57 3d 26 41 84 00 c5 ec c6 df be c5 



---------------  P R O C E S S  ---------------

Threads class SMR info:
_java_thread_list=0x000002e0c9bbc720, length=30, elements={
0x000002e0c7955800, 0x000002e0c795e800, 0x000002e0c82c2800, 0x000002e0c82c3800,
0x000002e0c796b000, 0x000002e0c796e000, 0x000002e0c796e800, 0x000002e0c796f800,
0x000002e0c8773800, 0x000002e0c859b800, 0x000002e0c8635800, 0x000002e0cbd99800,
0x000002e0cd360000, 0x000002e0cb724800, 0x000002e0cb1d7800, 0x000002e0cea4a800,
0x000002e0cb5ae000, 0x000002e0cade8800, 0x000002e0cadea000, 0x000002e0cade9000,
0x000002e0cadea800, 0x000002e0cadeb800, 0x000002e0cadee000, 0x000002e0cadec000,
0x000002e0caded000, 0x000002e0cadee800, 0x000002e0cebcf800, 0x000002e0cebcd800,
0x000002e0cebd1000, 0x000002e0cebca000
}

Java Threads: ( => current thread )
  0x000002e0c7955800 JavaThread "Reference Handler" daemon [_thread_blocked, id=4376, stack(0x000000e46a400000,0x000000e46a500000)]
  0x000002e0c795e800 JavaThread "Finalizer" daemon [_thread_blocked, id=12672, stack(0x000000e46a500000,0x000000e46a600000)]
  0x000002e0c82c2800 JavaThread "Signal Dispatcher" daemon [_thread_blocked, id=16188, stack(0x000000e46a600000,0x000000e46a700000)]
  0x000002e0c82c3800 JavaThread "Attach Listener" daemon [_thread_blocked, id=14608, stack(0x000000e46a700000,0x000000e46a800000)]
  0x000002e0c796b000 JavaThread "C2 CompilerThread0" daemon [_thread_blocked, id=17272, stack(0x000000e46a800000,0x000000e46a900000)]
  0x000002e0c796e000 JavaThread "C2 CompilerThread1" daemon [_thread_in_native, id=3440, stack(0x000000e46a900000,0x000000e46aa00000)]
  0x000002e0c796e800 JavaThread "C1 CompilerThread2" daemon [_thread_blocked, id=772, stack(0x000000e46aa00000,0x000000e46ab00000)]
  0x000002e0c796f800 JavaThread "Sweeper thread" daemon [_thread_blocked, id=14976, stack(0x000000e46ab00000,0x000000e46ac00000)]
  0x000002e0c8773800 JavaThread "Common-Cleaner" daemon [_thread_blocked, id=15572, stack(0x000000e46ac00000,0x000000e46ad00000)]
  0x000002e0c859b800 JavaThread "Monitor Ctrl-Break" daemon [_thread_in_native, id=17428, stack(0x000000e46ae00000,0x000000e46af00000)]
  0x000002e0c8635800 JavaThread "Service Thread" daemon [_thread_blocked, id=6268, stack(0x000000e46af00000,0x000000e46b000000)]
  0x000002e0cbd99800 JavaThread "Catalina-utility-1" [_thread_blocked, id=13412, stack(0x000000e46b300000,0x000000e46b400000)]
  0x000002e0cd360000 JavaThread "Catalina-utility-2" [_thread_blocked, id=10636, stack(0x000000e46b400000,0x000000e46b500000)]
  0x000002e0cb724800 JavaThread "container-0" [_thread_blocked, id=15580, stack(0x000000e46b500000,0x000000e46b600000)]
  0x000002e0cb1d7800 JavaThread "File Watcher" daemon [_thread_blocked, id=15680, stack(0x000000e46b600000,0x000000e46b700000)]
  0x000002e0cea4a800 JavaThread "Live Reload Server" daemon [_thread_in_native, id=14880, stack(0x000000e46b800000,0x000000e46b900000)]
  0x000002e0cb5ae000 JavaThread "http-nio-8080-BlockPoller" daemon [_thread_in_native, id=15392, stack(0x000000e46b700000,0x000000e46b800000)]
=>0x000002e0cade8800 JavaThread "http-nio-8080-exec-1" daemon [_thread_in_native, id=16836, stack(0x000000e46b900000,0x000000e46ba00000)]
  0x000002e0cadea000 JavaThread "http-nio-8080-exec-2" daemon [_thread_blocked, id=18100, stack(0x000000e46ba00000,0x000000e46bb00000)]
  0x000002e0cade9000 JavaThread "http-nio-8080-exec-3" daemon [_thread_blocked, id=7784, stack(0x000000e46bb00000,0x000000e46bc00000)]
  0x000002e0cadea800 JavaThread "http-nio-8080-exec-4" daemon [_thread_blocked, id=1012, stack(0x000000e46bc00000,0x000000e46bd00000)]
  0x000002e0cadeb800 JavaThread "http-nio-8080-exec-5" daemon [_thread_blocked, id=2900, stack(0x000000e46bd00000,0x000000e46be00000)]
  0x000002e0cadee000 JavaThread "http-nio-8080-exec-6" daemon [_thread_blocked, id=14968, stack(0x000000e46be00000,0x000000e46bf00000)]
  0x000002e0cadec000 JavaThread "http-nio-8080-exec-7" daemon [_thread_blocked, id=17296, stack(0x000000e46bf00000,0x000000e46c000000)]
  0x000002e0caded000 JavaThread "http-nio-8080-exec-8" daemon [_thread_blocked, id=7944, stack(0x000000e46c000000,0x000000e46c100000)]
  0x000002e0cadee800 JavaThread "http-nio-8080-exec-9" daemon [_thread_blocked, id=12788, stack(0x000000e46c100000,0x000000e46c200000)]
  0x000002e0cebcf800 JavaThread "http-nio-8080-exec-10" daemon [_thread_blocked, id=13796, stack(0x000000e46c200000,0x000000e46c300000)]
  0x000002e0cebcd800 JavaThread "http-nio-8080-ClientPoller" daemon [_thread_in_native, id=17332, stack(0x000000e46c300000,0x000000e46c400000)]
  0x000002e0cebd1000 JavaThread "http-nio-8080-Acceptor" daemon [_thread_in_native, id=14436, stack(0x000000e46c400000,0x000000e46c500000)]
  0x000002e0cebca000 JavaThread "DestroyJavaVM" [_thread_blocked, id=15868, stack(0x000000e469700000,0x000000e469800000)]

Other Threads:
  0x000002e0c7943000 VMThread "VM Thread" [stack: 0x000000e46a300000,0x000000e46a400000] [id=12280]
  0x000002e0c857c000 WatcherThread [stack: 0x000000e46b000000,0x000000e46b100000] [id=12024]
  0x000002e0a45e8000 GCTaskThread "GC Thread#0" [stack: 0x000000e469800000,0x000000e469900000] [id=14688]
  0x000002e0a45e9800 GCTaskThread "GC Thread#1" [stack: 0x000000e469900000,0x000000e469a00000] [id=12052]
  0x000002e0a45ec800 GCTaskThread "GC Thread#2" [stack: 0x000000e469a00000,0x000000e469b00000] [id=1816]
  0x000002e0a45ee000 GCTaskThread "GC Thread#3" [stack: 0x000000e469b00000,0x000000e469c00000] [id=12324]
  0x000002e0a465d800 ConcurrentGCThread "G1 Main Marker" [stack: 0x000000e469c00000,0x000000e469d00000] [id=10140]
  0x000002e0a465e800 ConcurrentGCThread "G1 Conc#0" [stack: 0x000000e469d00000,0x000000e469e00000] [id=3772]
  0x000002e0c77ca800 ConcurrentGCThread "G1 Refine#0" [stack: 0x000000e469e00000,0x000000e469f00000] [id=10640]
  0x000002e0c77cb000 ConcurrentGCThread "G1 Refine#1" [stack: 0x000000e469f00000,0x000000e46a000000] [id=11908]
  0x000002e0c77cc000 ConcurrentGCThread "G1 Refine#2" [stack: 0x000000e46a000000,0x000000e46a100000] [id=14744]
  0x000002e0c77cf000 ConcurrentGCThread "G1 Refine#3" [stack: 0x000000e46a100000,0x000000e46a200000] [id=13460]
  0x000002e0c77d0000 ConcurrentGCThread "G1 Young RemSet Sampling" [stack: 0x000000e46a200000,0x000000e46a300000] [id=7580]

Threads with active compile tasks:
C2 CompilerThread15121       4       jdk.internal.loader.BuiltinClassLoader::defineClass (121 bytes)

VM state:not at safepoint (normal execution)

VM Mutex/Monitor currently owned by a thread: None

Heap address: 0x0000000081a00000, size: 2022 MB, Compressed Oops mode: 32-bit
Narrow klass base: 0x0000000000000000, Narrow klass shift: 3
Compressed class space size: 1073741824 Address: 0x0000000100000000

Heap:
 garbage-first heap   total 131072K, used 52801K [0x0000000081a00000, 0x0000000100000000)
  region size 1024K, 35 young (35840K), 6 survivors (6144K)
 Metaspace       used 52349K, capacity 53676K, committed 54096K, reserved 1097728K
  class space    used 5854K, capacity 6379K, committed 6480K, reserved 1048576K
Heap Regions: E=young(eden), S=young(survivor), O=old, HS=humongous(starts), HC=humongous(continues), CS=collection set, F=free, A=archive, TS=gc time stamp, AC=allocation context, TAMS=top-at-mark-start (previous, next)
|   0|0x0000000081a00000, 0x0000000081b00000, 0x0000000081b00000|100%| O|  |TS  0|AC  0|TAMS 0x0000000081b00000, 0x0000000081b00000|
|   1|0x0000000081b00000, 0x0000000081c00000, 0x0000000081c00000|100%| O|  |TS  0|AC  0|TAMS 0x0000000081c00000, 0x0000000081c00000|
|   2|0x0000000081c00000, 0x0000000081d00000, 0x0000000081d00000|100%| O|  |TS  0|AC  0|TAMS 0x0000000081d00000, 0x0000000081d00000|
|   3|0x0000000081d00000, 0x0000000081e00000, 0x0000000081e00000|100%| O|  |TS  0|AC  0|TAMS 0x0000000081e00000, 0x0000000081e00000|
|   4|0x0000000081e00000, 0x0000000081f00000, 0x0000000081f00000|100%| O|  |TS  0|AC  0|TAMS 0x0000000081f00000, 0x0000000081f00000|
|   5|0x0000000081f00000, 0x0000000082000000, 0x0000000082000000|100%| O|  |TS  0|AC  0|TAMS 0x0000000082000000, 0x0000000082000000|
|   6|0x0000000082000000, 0x0000000082100000, 0x0000000082100000|100%| O|  |TS  1|AC  0|TAMS 0x000000008206dc00, 0x000000008206dc00|
|   7|0x0000000082100000, 0x0000000082200000, 0x0000000082200000|100%| O|  |TS  2|AC  0|TAMS 0x0000000082100000, 0x0000000082100000|
|   8|0x0000000082200000, 0x0000000082300000, 0x0000000082300000|100%| O|  |TS  2|AC  0|TAMS 0x0000000082200000, 0x0000000082200000|
|   9|0x0000000082300000, 0x0000000082400000, 0x0000000082400000|100%| O|  |TS  2|AC  0|TAMS 0x0000000082300000, 0x0000000082300000|
|  10|0x0000000082400000, 0x0000000082500000, 0x0000000082500000|100%| O|  |TS  2|AC  0|TAMS 0x0000000082400000, 0x0000000082400000|
|  11|0x0000000082500000, 0x0000000082600000, 0x0000000082600000|100%| O|  |TS  2|AC  0|TAMS 0x0000000082500000, 0x0000000082500000|
|  12|0x0000000082600000, 0x0000000082700000, 0x0000000082700000|100%| O|  |TS  2|AC  0|TAMS 0x0000000082600000, 0x0000000082600000|
|  13|0x0000000082700000, 0x0000000082800000, 0x0000000082800000|100%| O|  |TS  2|AC  0|TAMS 0x0000000082700000, 0x0000000082700000|
|  14|0x0000000082800000, 0x0000000082900000, 0x0000000082900000|100%| O|  |TS  2|AC  0|TAMS 0x0000000082800000, 0x0000000082800000|
|  15|0x0000000082900000, 0x0000000082a00000, 0x0000000082a00000|100%| O|  |TS  2|AC  0|TAMS 0x0000000082900000, 0x0000000082900000|
|  16|0x0000000082a00000, 0x0000000082a22200, 0x0000000082b00000| 13%| O|  |TS  2|AC  0|TAMS 0x0000000082a00000, 0x0000000082a00000|
|  17|0x0000000082b00000, 0x0000000082c00000, 0x0000000082c00000|100%|HS|  |TS  0|AC  0|TAMS 0x0000000082b00000, 0x0000000082b00000|
|  18|0x0000000082c00000, 0x0000000082d00000, 0x0000000082d00000|100%|HC|  |TS  0|AC  0|TAMS 0x0000000082c00000, 0x0000000082c00000|
|  19|0x0000000082d00000, 0x0000000082d00000, 0x0000000082e00000|  0%| F|  |TS  0|AC  0|TAMS 0x0000000082d00000, 0x0000000082d00000|
|  20|0x0000000082e00000, 0x0000000082e00000, 0x0000000082f00000|  0%| F|  |TS  0|AC  0|TAMS 0x0000000082e00000, 0x0000000082e00000|
|  21|0x0000000082f00000, 0x0000000082f00000, 0x0000000083000000|  0%| F|  |TS  0|AC  0|TAMS 0x0000000082f00000, 0x0000000082f00000|
|  22|0x0000000083000000, 0x0000000083000000, 0x0000000083100000|  0%| F|  |TS  0|AC  0|TAMS 0x0000000083000000, 0x0000000083000000|
|  23|0x0000000083100000, 0x0000000083100000, 0x0000000083200000|  0%| F|  |TS  0|AC  0|TAMS 0x0000000083100000, 0x0000000083100000|
|  24|0x0000000083200000, 0x0000000083200000, 0x0000000083300000|  0%| F|  |TS  0|AC  0|TAMS 0x0000000083200000, 0x0000000083200000|
|  25|0x0000000083300000, 0x0000000083300000, 0x0000000083400000|  0%| F|  |TS  0|AC  0|TAMS 0x0000000083300000, 0x0000000083300000|
|  26|0x0000000083400000, 0x0000000083400000, 0x0000000083500000|  0%| F|  |TS  0|AC  0|TAMS 0x0000000083400000, 0x0000000083400000|
|  27|0x0000000083500000, 0x0000000083500000, 0x0000000083600000|  0%| F|  |TS  0|AC  0|TAMS 0x0000000083500000, 0x0000000083500000|
|  28|0x0000000083600000, 0x0000000083600000, 0x0000000083700000|  0%| F|  |TS  0|AC  0|TAMS 0x0000000083600000, 0x0000000083600000|
|  29|0x0000000083700000, 0x0000000083700000, 0x0000000083800000|  0%| F|  |TS  0|AC  0|TAMS 0x0000000083700000, 0x0000000083700000|
|  30|0x0000000083800000, 0x0000000083800000, 0x0000000083900000|  0%| F|  |TS  0|AC  0|TAMS 0x0000000083800000, 0x0000000083800000|
|  31|0x0000000083900000, 0x0000000083900000, 0x0000000083a00000|  0%| F|  |TS  0|AC  0|TAMS 0x0000000083900000, 0x0000000083900000|
|  32|0x0000000083a00000, 0x0000000083a00000, 0x0000000083b00000|  0%| F|  |TS  0|AC  0|TAMS 0x0000000083a00000, 0x0000000083a00000|
|  33|0x0000000083b00000, 0x0000000083b00000, 0x0000000083c00000|  0%| F|  |TS  0|AC  0|TAMS 0x0000000083b00000, 0x0000000083b00000|
|  34|0x0000000083c00000, 0x0000000083c00000, 0x0000000083d00000|  0%| F|  |TS  0|AC  0|TAMS 0x0000000083c00000, 0x0000000083c00000|
|  35|0x0000000083d00000, 0x0000000083d00000, 0x0000000083e00000|  0%| F|  |TS  0|AC  0|TAMS 0x0000000083d00000, 0x0000000083d00000|
|  36|0x0000000083e00000, 0x0000000083e00000, 0x0000000083f00000|  0%| F|  |TS  0|AC  0|TAMS 0x0000000083e00000, 0x0000000083e00000|
|  37|0x0000000083f00000, 0x0000000083f00000, 0x0000000084000000|  0%| F|  |TS  0|AC  0|TAMS 0x0000000083f00000, 0x0000000083f00000|
|  38|0x0000000084000000, 0x0000000084000000, 0x0000000084100000|  0%| F|  |TS  0|AC  0|TAMS 0x0000000084000000, 0x0000000084000000|
|  39|0x0000000084100000, 0x0000000084100000, 0x0000000084200000|  0%| F|  |TS  0|AC  0|TAMS 0x0000000084100000, 0x0000000084100000|
|  40|0x0000000084200000, 0x0000000084200000, 0x0000000084300000|  0%| F|  |TS  0|AC  0|TAMS 0x0000000084200000, 0x0000000084200000|
|  41|0x0000000084300000, 0x0000000084300000, 0x0000000084400000|  0%| F|  |TS  0|AC  0|TAMS 0x0000000084300000, 0x0000000084300000|
|  42|0x0000000084400000, 0x0000000084400000, 0x0000000084500000|  0%| F|  |TS  2|AC  0|TAMS 0x0000000084400000, 0x0000000084400000|
|  43|0x0000000084500000, 0x0000000084500000, 0x0000000084600000|  0%| F|  |TS  2|AC  0|TAMS 0x0000000084500000, 0x0000000084500000|
|  44|0x0000000084600000, 0x0000000084600000, 0x0000000084700000|  0%| F|  |TS  2|AC  0|TAMS 0x0000000084600000, 0x0000000084600000|
|  45|0x0000000084700000, 0x0000000084700000, 0x0000000084800000|  0%| F|  |TS  2|AC  0|TAMS 0x0000000084700000, 0x0000000084700000|
|  46|0x0000000084800000, 0x0000000084800000, 0x0000000084900000|  0%| F|  |TS  2|AC  0|TAMS 0x0000000084800000, 0x0000000084800000|
|  47|0x0000000084900000, 0x0000000084900000, 0x0000000084a00000|  0%| F|  |TS  2|AC  0|TAMS 0x0000000084900000, 0x0000000084900000|
|  48|0x0000000084a00000, 0x0000000084a00000, 0x0000000084b00000|  0%| F|  |TS  2|AC  0|TAMS 0x0000000084a00000, 0x0000000084a00000|
|  49|0x0000000084b00000, 0x0000000084b00000, 0x0000000084c00000|  0%| F|  |TS  2|AC  0|TAMS 0x0000000084b00000, 0x0000000084b00000|
|  50|0x0000000084c00000, 0x0000000084c00000, 0x0000000084d00000|  0%| F|  |TS  2|AC  0|TAMS 0x0000000084c00000, 0x0000000084c00000|
|  51|0x0000000084d00000, 0x0000000084d00000, 0x0000000084e00000|  0%| F|  |TS  2|AC  0|TAMS 0x0000000084d00000, 0x0000000084d00000|
|  52|0x0000000084e00000, 0x0000000084e00000, 0x0000000084f00000|  0%| F|  |TS  1|AC  0|TAMS 0x0000000084e00000, 0x0000000084e00000|
|  53|0x0000000084f00000, 0x0000000084f00000, 0x0000000085000000|  0%| F|  |TS  1|AC  0|TAMS 0x0000000084f00000, 0x0000000084f00000|
|  54|0x0000000085000000, 0x0000000085000000, 0x0000000085100000|  0%| F|  |TS  1|AC  0|TAMS 0x0000000085000000, 0x0000000085000000|
|  55|0x0000000085100000, 0x0000000085100000, 0x0000000085200000|  0%| F|  |TS  1|AC  0|TAMS 0x0000000085100000, 0x0000000085100000|
|  56|0x0000000085200000, 0x000000008526e410, 0x0000000085300000| 43%| S|CS|TS  2|AC  0|TAMS 0x0000000085200000, 0x0000000085200000|
|  57|0x0000000085300000, 0x0000000085400000, 0x0000000085400000|100%| S|CS|TS  2|AC  0|TAMS 0x0000000085300000, 0x0000000085300000|
|  58|0x0000000085400000, 0x0000000085500000, 0x0000000085500000|100%| S|CS|TS  2|AC  0|TAMS 0x0000000085400000, 0x0000000085400000|
|  59|0x0000000085500000, 0x0000000085600000, 0x0000000085600000|100%| S|CS|TS  2|AC  0|TAMS 0x0000000085500000, 0x0000000085500000|
|  60|0x0000000085600000, 0x0000000085700000, 0x0000000085700000|100%| S|CS|TS  2|AC  0|TAMS 0x0000000085600000, 0x0000000085600000|
|  61|0x0000000085700000, 0x0000000085800000, 0x0000000085800000|100%| S|CS|TS  2|AC  0|TAMS 0x0000000085700000, 0x0000000085700000|
|  62|0x0000000085800000, 0x0000000085800000, 0x0000000085900000|  0%| F|  |TS  2|AC  0|TAMS 0x0000000085800000, 0x0000000085800000|
|  63|0x0000000085900000, 0x0000000085900000, 0x0000000085a00000|  0%| F|  |TS  2|AC  0|TAMS 0x0000000085900000, 0x0000000085900000|
|  64|0x0000000085a00000, 0x0000000085a00000, 0x0000000085b00000|  0%| F|  |TS  2|AC  0|TAMS 0x0000000085a00000, 0x0000000085a00000|
|  65|0x0000000085b00000, 0x0000000085b00000, 0x0000000085c00000|  0%| F|  |TS  2|AC  0|TAMS 0x0000000085b00000, 0x0000000085b00000|
|  66|0x0000000085c00000, 0x0000000085c00000, 0x0000000085d00000|  0%| F|  |TS  2|AC  0|TAMS 0x0000000085c00000, 0x0000000085c00000|
|  67|0x0000000085d00000, 0x0000000085d00000, 0x0000000085e00000|  0%| F|  |TS  2|AC  0|TAMS 0x0000000085d00000, 0x0000000085d00000|
|  68|0x0000000085e00000, 0x0000000085e00000, 0x0000000085f00000|  0%| F|  |TS  2|AC  0|TAMS 0x0000000085e00000, 0x0000000085e00000|
|  69|0x0000000085f00000, 0x0000000085f00000, 0x0000000086000000|  0%| F|  |TS  2|AC  0|TAMS 0x0000000085f00000, 0x0000000085f00000|
|  70|0x0000000086000000, 0x0000000086000000, 0x0000000086100000|  0%| F|  |TS  2|AC  0|TAMS 0x0000000086000000, 0x0000000086000000|
|  71|0x0000000086100000, 0x0000000086100000, 0x0000000086200000|  0%| F|  |TS  2|AC  0|TAMS 0x0000000086100000, 0x0000000086100000|
|  72|0x0000000086200000, 0x0000000086200000, 0x0000000086300000|  0%| F|  |TS  2|AC  0|TAMS 0x0000000086200000, 0x0000000086200000|
|  73|0x0000000086300000, 0x0000000086300000, 0x0000000086400000|  0%| F|  |TS  2|AC  0|TAMS 0x0000000086300000, 0x0000000086300000|
|  74|0x0000000086400000, 0x0000000086400000, 0x0000000086500000|  0%| F|  |TS  2|AC  0|TAMS 0x0000000086400000, 0x0000000086400000|
|  75|0x0000000086500000, 0x0000000086500000, 0x0000000086600000|  0%| F|  |TS  2|AC  0|TAMS 0x0000000086500000, 0x0000000086500000|
|  76|0x0000000086600000, 0x0000000086600000, 0x0000000086700000|  0%| F|  |TS  2|AC  0|TAMS 0x0000000086600000, 0x0000000086600000|
|  77|0x0000000086700000, 0x0000000086700000, 0x0000000086800000|  0%| F|  |TS  2|AC  0|TAMS 0x0000000086700000, 0x0000000086700000|
|  78|0x0000000086800000, 0x0000000086800000, 0x0000000086900000|  0%| F|  |TS  2|AC  0|TAMS 0x0000000086800000, 0x0000000086800000|
|  79|0x0000000086900000, 0x0000000086900000, 0x0000000086a00000|  0%| F|  |TS  2|AC  0|TAMS 0x0000000086900000, 0x0000000086900000|
|  80|0x0000000086a00000, 0x0000000086a00000, 0x0000000086b00000|  0%| F|  |TS  2|AC  0|TAMS 0x0000000086a00000, 0x0000000086a00000|
|  81|0x0000000086b00000, 0x0000000086b00000, 0x0000000086c00000|  0%| F|  |TS  2|AC  0|TAMS 0x0000000086b00000, 0x0000000086b00000|
|  82|0x0000000086c00000, 0x0000000086c00000, 0x0000000086d00000|  0%| F|  |TS  2|AC  0|TAMS 0x0000000086c00000, 0x0000000086c00000|
|  83|0x0000000086d00000, 0x0000000086d00000, 0x0000000086e00000|  0%| F|  |TS  2|AC  0|TAMS 0x0000000086d00000, 0x0000000086d00000|
|  84|0x0000000086e00000, 0x0000000086e00000, 0x0000000086f00000|  0%| F|  |TS  2|AC  0|TAMS 0x0000000086e00000, 0x0000000086e00000|
|  85|0x0000000086f00000, 0x0000000086f00000, 0x0000000087000000|  0%| F|  |TS  2|AC  0|TAMS 0x0000000086f00000, 0x0000000086f00000|
|  86|0x0000000087000000, 0x0000000087000000, 0x0000000087100000|  0%| F|  |TS  2|AC  0|TAMS 0x0000000087000000, 0x0000000087000000|
|  87|0x0000000087100000, 0x0000000087100000, 0x0000000087200000|  0%| F|  |TS  2|AC  0|TAMS 0x0000000087100000, 0x0000000087100000|
|  88|0x0000000087200000, 0x0000000087200000, 0x0000000087300000|  0%| F|  |TS  2|AC  0|TAMS 0x0000000087200000, 0x0000000087200000|
|  89|0x0000000087300000, 0x0000000087300000, 0x0000000087400000|  0%| F|  |TS  2|AC  0|TAMS 0x0000000087300000, 0x0000000087300000|
|  90|0x0000000087400000, 0x0000000087400000, 0x0000000087500000|  0%| F|  |TS  2|AC  0|TAMS 0x0000000087400000, 0x0000000087400000|
|  91|0x0000000087500000, 0x0000000087500000, 0x0000000087600000|  0%| F|  |TS  2|AC  0|TAMS 0x0000000087500000, 0x0000000087500000|
|  92|0x0000000087600000, 0x0000000087600000, 0x0000000087700000|  0%| F|  |TS  2|AC  0|TAMS 0x0000000087600000, 0x0000000087600000|
|  93|0x0000000087700000, 0x0000000087700000, 0x0000000087800000|  0%| F|  |TS  2|AC  0|TAMS 0x0000000087700000, 0x0000000087700000|
|  94|0x0000000087800000, 0x0000000087800000, 0x0000000087900000|  0%| F|  |TS  2|AC  0|TAMS 0x0000000087800000, 0x0000000087800000|
|  95|0x0000000087900000, 0x0000000087900000, 0x0000000087a00000|  0%| F|  |TS  2|AC  0|TAMS 0x0000000087900000, 0x0000000087900000|
|  96|0x0000000087a00000, 0x0000000087a00000, 0x0000000087b00000|  0%| F|  |TS  2|AC  0|TAMS 0x0000000087a00000, 0x0000000087a00000|
|  97|0x0000000087b00000, 0x0000000087b00000, 0x0000000087c00000|  0%| F|  |TS  2|AC  0|TAMS 0x0000000087b00000, 0x0000000087b00000|
|  98|0x0000000087c00000, 0x0000000087c00000, 0x0000000087d00000|  0%| F|  |TS  2|AC  0|TAMS 0x0000000087c00000, 0x0000000087c00000|
|  99|0x0000000087d00000, 0x0000000087e00000, 0x0000000087e00000|100%| E|  |TS  2|AC  0|TAMS 0x0000000087d00000, 0x0000000087d00000|
| 100|0x0000000087e00000, 0x0000000087f00000, 0x0000000087f00000|100%| E|CS|TS  2|AC  0|TAMS 0x0000000087e00000, 0x0000000087e00000|
| 101|0x0000000087f00000, 0x0000000088000000, 0x0000000088000000|100%| E|CS|TS  2|AC  0|TAMS 0x0000000087f00000, 0x0000000087f00000|
| 102|0x0000000088000000, 0x0000000088100000, 0x0000000088100000|100%| E|CS|TS  2|AC  0|TAMS 0x0000000088000000, 0x0000000088000000|
| 103|0x0000000088100000, 0x0000000088200000, 0x0000000088200000|100%| E|CS|TS  2|AC  0|TAMS 0x0000000088100000, 0x0000000088100000|
| 104|0x0000000088200000, 0x0000000088300000, 0x0000000088300000|100%| E|CS|TS  2|AC  0|TAMS 0x0000000088200000, 0x0000000088200000|
| 105|0x0000000088300000, 0x0000000088400000, 0x0000000088400000|100%| E|CS|TS  2|AC  0|TAMS 0x0000000088300000, 0x0000000088300000|
| 106|0x0000000088400000, 0x0000000088500000, 0x0000000088500000|100%| E|CS|TS  2|AC  0|TAMS 0x0000000088400000, 0x0000000088400000|
| 107|0x0000000088500000, 0x0000000088600000, 0x0000000088600000|100%| E|CS|TS  2|AC  0|TAMS 0x0000000088500000, 0x0000000088500000|
| 108|0x0000000088600000, 0x0000000088700000, 0x0000000088700000|100%| E|CS|TS  2|AC  0|TAMS 0x0000000088600000, 0x0000000088600000|
| 109|0x0000000088700000, 0x0000000088800000, 0x0000000088800000|100%| E|CS|TS  2|AC  0|TAMS 0x0000000088700000, 0x0000000088700000|
| 110|0x0000000088800000, 0x0000000088900000, 0x0000000088900000|100%| E|CS|TS  2|AC  0|TAMS 0x0000000088800000, 0x0000000088800000|
| 111|0x0000000088900000, 0x0000000088a00000, 0x0000000088a00000|100%| E|CS|TS  2|AC  0|TAMS 0x0000000088900000, 0x0000000088900000|
| 112|0x0000000088a00000, 0x0000000088b00000, 0x0000000088b00000|100%| E|CS|TS  2|AC  0|TAMS 0x0000000088a00000, 0x0000000088a00000|
| 113|0x0000000088b00000, 0x0000000088c00000, 0x0000000088c00000|100%| E|CS|TS  2|AC  0|TAMS 0x0000000088b00000, 0x0000000088b00000|
| 114|0x0000000088c00000, 0x0000000088d00000, 0x0000000088d00000|100%| E|CS|TS  2|AC  0|TAMS 0x0000000088c00000, 0x0000000088c00000|
| 115|0x0000000088d00000, 0x0000000088e00000, 0x0000000088e00000|100%| E|CS|TS  2|AC  0|TAMS 0x0000000088d00000, 0x0000000088d00000|
| 116|0x0000000088e00000, 0x0000000088f00000, 0x0000000088f00000|100%| E|CS|TS  2|AC  0|TAMS 0x0000000088e00000, 0x0000000088e00000|
| 117|0x0000000088f00000, 0x0000000089000000, 0x0000000089000000|100%| E|CS|TS  2|AC  0|TAMS 0x0000000088f00000, 0x0000000088f00000|
| 118|0x0000000089000000, 0x0000000089100000, 0x0000000089100000|100%| E|CS|TS  2|AC  0|TAMS 0x0000000089000000, 0x0000000089000000|
| 119|0x0000000089100000, 0x0000000089200000, 0x0000000089200000|100%| E|CS|TS  2|AC  0|TAMS 0x0000000089100000, 0x0000000089100000|
| 120|0x0000000089200000, 0x0000000089300000, 0x0000000089300000|100%| E|CS|TS  2|AC  0|TAMS 0x0000000089200000, 0x0000000089200000|
| 121|0x0000000089300000, 0x0000000089400000, 0x0000000089400000|100%| E|CS|TS  2|AC  0|TAMS 0x0000000089300000, 0x0000000089300000|
| 122|0x0000000089400000, 0x0000000089500000, 0x0000000089500000|100%| E|CS|TS  2|AC  0|TAMS 0x0000000089400000, 0x0000000089400000|
| 123|0x0000000089500000, 0x0000000089600000, 0x0000000089600000|100%| E|CS|TS  2|AC  0|TAMS 0x0000000089500000, 0x0000000089500000|
| 124|0x0000000089600000, 0x0000000089700000, 0x0000000089700000|100%| E|CS|TS  2|AC  0|TAMS 0x0000000089600000, 0x0000000089600000|
| 125|0x0000000089700000, 0x0000000089800000, 0x0000000089800000|100%| E|CS|TS  2|AC  0|TAMS 0x0000000089700000, 0x0000000089700000|
| 126|0x0000000089800000, 0x0000000089900000, 0x0000000089900000|100%| E|CS|TS  2|AC  0|TAMS 0x0000000089800000, 0x0000000089800000|
| 127|0x0000000089900000, 0x0000000089a00000, 0x0000000089a00000|100%| E|CS|TS  2|AC  0|TAMS 0x0000000089900000, 0x0000000089900000|

Card table byte_map: [0x000002e0c0b80000,0x000002e0c0f80000] byte_map_base: 0x000002e0c0773000

Marking Bits (Prev, Next): (CMBitMap*) 0x000002e0a465ccc0, (CMBitMap*) 0x000002e0a465ccf8
 Prev Bits: [0x000002e0c1380000, 0x000002e0c3318000)
 Next Bits: [0x000002e0c3320000, 0x000002e0c52b8000)

Polling page: 0x000002e0a43f0000

CodeHeap 'non-profiled nmethods': size=120064Kb used=2887Kb max_used=2887Kb free=117176Kb
 bounds [0x000002e0b8c20000, 0x000002e0b8f00000, 0x000002e0c0160000]
CodeHeap 'profiled nmethods': size=120000Kb used=11885Kb max_used=11931Kb free=108114Kb
 bounds [0x000002e0b16f0000, 0x000002e0b22a0000, 0x000002e0b8c20000]
CodeHeap 'non-nmethods': size=5696Kb used=1283Kb max_used=1285Kb free=4412Kb
 bounds [0x000002e0b1160000, 0x000002e0b13d0000, 0x000002e0b16f0000]
 total_blobs=6959 nmethods=5015 adapters=524
 compilation: enabled

Compilation events (10 events):
Event: 22.579 Thread 0x000002e0c796e800 5179       3       java.io.FileOutputStream::write (20 bytes)
Event: 22.580 Thread 0x000002e0c796e800 nmethod 5179 0x000002e0b1741f10 code [0x000002e0b17420e0, 0x000002e0b1742310]
Event: 23.127 Thread 0x000002e0c796e800 5181       3       java.util.concurrent.ConcurrentHashMap::isEmpty (15 bytes)
Event: 23.128 Thread 0x000002e0c796e800 nmethod 5181 0x000002e0b1741a90 code [0x000002e0b1741c60, 0x000002e0b1741e50]
Event: 23.128 Thread 0x000002e0c796e800 5182       3       com.xuggle.xuggler.ICodec$ID::<init> (14 bytes)
Event: 23.128 Thread 0x000002e0c796e800 nmethod 5182 0x000002e0b1752090 code [0x000002e0b1752260, 0x000002e0b1752558]
Event: 23.128 Thread 0x000002e0c796e800 5183       3       com.xuggle.xuggler.ICodec$ID$SwigNext::access$008 (10 bytes)
Event: 23.128 Thread 0x000002e0c796e800 nmethod 5183 0x000002e0b171e190 code [0x000002e0b171e340, 0x000002e0b171e498]
Event: 23.149 Thread 0x000002e0c796e800 5185       3       jdk.internal.misc.Unsafe::weakCompareAndSetLong (11 bytes)
Event: 23.149 Thread 0x000002e0c796e800 nmethod 5185 0x000002e0b1732f10 code [0x000002e0b17330c0, 0x000002e0b1733238]

GC Heap History (10 events):
Event: 4.962 GC heap before
{Heap before GC invocations=5 (full 0):
 garbage-first heap   total 131072K, used 54479K [0x0000000081a00000, 0x0000000100000000)
  region size 1024K, 48 young (49152K), 3 survivors (3072K)
 Metaspace       used 28358K, capacity 28886K, committed 29184K, reserved 1075200K
  class space    used 3040K, capacity 3253K, committed 3328K, reserved 1048576K
}
Event: 4.970 GC heap after
{Heap after GC invocations=6 (full 0):
 garbage-first heap   total 131072K, used 9059K [0x0000000081a00000, 0x0000000100000000)
  region size 1024K, 4 young (4096K), 4 survivors (4096K)
 Metaspace       used 28358K, capacity 28886K, committed 29184K, reserved 1075200K
  class space    used 3040K, capacity 3253K, committed 3328K, reserved 1048576K
}
Event: 7.696 GC heap before
{Heap before GC invocations=6 (full 0):
 garbage-first heap   total 131072K, used 82787K [0x0000000081a00000, 0x0000000100000000)
  region size 1024K, 76 young (77824K), 4 survivors (4096K)
 Metaspace       used 30476K, capacity 31118K, committed 31488K, reserved 1077248K
  class space    used 3268K, capacity 3536K, committed 3584K, reserved 1048576K
}
Event: 7.707 GC heap after
{Heap after GC invocations=7 (full 0):
 garbage-first heap   total 131072K, used 11071K [0x0000000081a00000, 0x0000000100000000)
  region size 1024K, 6 young (6144K), 6 survivors (6144K)
 Metaspace       used 30476K, capacity 31118K, committed 31488K, reserved 1077248K
  class space    used 3268K, capacity 3536K, committed 3584K, reserved 1048576K
}
Event: 9.273 GC heap before
{Heap before GC invocations=7 (full 0):
 garbage-first heap   total 131072K, used 46911K [0x0000000081a00000, 0x0000000100000000)
  region size 1024K, 42 young (43008K), 6 survivors (6144K)
 Metaspace       used 35099K, capacity 35809K, committed 35920K, reserved 1081344K
  class space    used 3834K, capacity 4117K, committed 4176K, reserved 1048576K
}
Event: 9.285 GC heap after
{Heap after GC invocations=8 (full 0):
 garbage-first heap   total 131072K, used 12703K [0x0000000081a00000, 0x0000000100000000)
  region size 1024K, 6 young (6144K), 6 survivors (6144K)
 Metaspace       used 35099K, capacity 35809K, committed 35920K, reserved 1081344K
  class space    used 3834K, capacity 4117K, committed 4176K, reserved 1048576K
}
Event: 11.395 GC heap before
{Heap before GC invocations=9 (full 0):
 garbage-first heap   total 131072K, used 84383K [0x0000000081a00000, 0x0000000100000000)
  region size 1024K, 76 young (77824K), 6 survivors (6144K)
 Metaspace       used 41781K, capacity 42826K, committed 42960K, reserved 1087488K
  class space    used 4624K, capacity 5015K, committed 5072K, reserved 1048576K
}
Event: 11.414 GC heap after
{Heap after GC invocations=10 (full 0):
 garbage-first heap   total 131072K, used 17460K [0x0000000081a00000, 0x0000000100000000)
  region size 1024K, 10 young (10240K), 10 survivors (10240K)
 Metaspace       used 41781K, capacity 42826K, committed 42960K, reserved 1087488K
  class space    used 4624K, capacity 5015K, committed 5072K, reserved 1048576K
}
Event: 21.783 GC heap before
{Heap before GC invocations=10 (full 0):
 garbage-first heap   total 131072K, used 85044K [0x0000000081a00000, 0x0000000100000000)
  region size 1024K, 76 young (77824K), 10 survivors (10240K)
 Metaspace       used 45630K, capacity 46874K, committed 47184K, reserved 1091584K
  class space    used 5156K, capacity 5649K, committed 5712K, reserved 1048576K
}
Event: 21.808 GC heap after
{Heap after GC invocations=11 (full 0):
 garbage-first heap   total 131072K, used 22081K [0x0000000081a00000, 0x0000000100000000)
  region size 1024K, 6 young (6144K), 6 survivors (6144K)
 Metaspace       used 45630K, capacity 46874K, committed 47184K, reserved 1091584K
  class space    used 5156K, capacity 5649K, committed 5712K, reserved 1048576K
}

Deoptimization events (10 events):
Event: 21.901 Thread 0x000002e0cade8800 Uncommon trap: reason=unstable_if action=reinterpret pc=0x000002e0b8c98920 method=java.lang.CharacterDataLatin1.isWhitespace(I)Z @ 14 c2
Event: 21.906 Thread 0x000002e0cade8800 Uncommon trap: reason=unstable_if action=reinterpret pc=0x000002e0b8d3034c method=java.nio.Buffer.<init>(IIII)V @ 44 c2
Event: 21.921 Thread 0x000002e0cade8800 Uncommon trap: reason=unstable_if action=reinterpret pc=0x000002e0b8d2fb24 method=java.nio.Buffer.<init>(IIII)V @ 44 c2
Event: 21.955 Thread 0x000002e0cade8800 Uncommon trap: reason=unstable_if action=reinterpret pc=0x000002e0b8d09674 method=java.util.Objects.equals(Ljava/lang/Object;Ljava/lang/Object;)Z @ 6 c2
Event: 22.054 Thread 0x000002e0cade8800 Uncommon trap: reason=unstable_if action=reinterpret pc=0x000002e0b8d9b0ac method=java.lang.String.equals(Ljava/lang/Object;)Z @ 34 c2
Event: 22.054 Thread 0x000002e0cade8800 Uncommon trap: reason=class_check action=maybe_recompile pc=0x000002e0b8cf1e98 method=java.util.concurrent.ConcurrentHashMap.putVal(Ljava/lang/Object;Ljava/lang/Object;Z)Ljava/lang/Object; @ 242 c2
Event: 22.157 Thread 0x000002e0cade8800 Uncommon trap: reason=unstable_if action=reinterpret pc=0x000002e0b8cc8994 method=java.lang.Integer.stringSize(I)I @ 19 c2
Event: 22.174 Thread 0x000002e0cade8800 Uncommon trap: reason=unstable_if action=reinterpret pc=0x000002e0b8cf53ac method=java.util.zip.ZipFile$Source.getEntryPos([BZ)I @ 68 c2
Event: 22.397 Thread 0x000002e0cade8800 Uncommon trap: reason=unstable_if action=reinterpret pc=0x000002e0b8cb8e30 method=java.lang.String.regionMatches(ZILjava/lang/String;II)Z @ 1 c2
Event: 23.149 Thread 0x000002e0cade8800 Uncommon trap: reason=unstable_if action=reinterpret pc=0x000002e0b8cc8e44 method=java.lang.Integer.getChars(II[B)I @ 4 c2

Classes redefined (0 events):
No events

Internal exceptions (10 events):
Event: 12.586 Thread 0x000002e0c922f800 Exception <a 'java/lang/ClassNotFoundException'{0x0000000085e108c8}: org/springframework/boot/devtools/autoconfigure/LocalDevToolsAutoConfiguration$LiveReloadServerEventListenerCustomizer> (0x0000000085e108c8) thrown at [t:/workspace/open/src/hotspot/shar
Event: 12.587 Thread 0x000002e0c922f800 Exception <a 'java/lang/ClassNotFoundException'{0x0000000085e22558}: org/springframework/context/event/GenericApplicationListenerCustomizer> (0x0000000085e22558) thrown at [t:/workspace/open/src/hotspot/share/classfile/systemDictionary.cpp, line 233]
Event: 12.588 Thread 0x000002e0c922f800 Exception <a 'java/lang/ClassNotFoundException'{0x0000000085e2f198}: org/springframework/context/ApplicationListenerCustomizer> (0x0000000085e2f198) thrown at [t:/workspace/open/src/hotspot/share/classfile/systemDictionary.cpp, line 233]
Event: 12.589 Thread 0x000002e0c922f800 Exception <a 'java/lang/ClassNotFoundException'{0x0000000085e31798}: java/util/EventListenerCustomizer> (0x0000000085e31798) thrown at [t:/workspace/open/src/hotspot/share/classfile/systemDictionary.cpp, line 233]
Event: 12.589 Thread 0x000002e0c922f800 Exception <a 'java/lang/ClassNotFoundException'{0x0000000085e3ae48}: org/springframework/core/OrderedCustomizer> (0x0000000085e3ae48) thrown at [t:/workspace/open/src/hotspot/share/classfile/systemDictionary.cpp, line 233]
Event: 12.590 Thread 0x000002e0c922f800 Exception <a 'java/lang/ClassNotFoundException'{0x0000000085e41b10}: java/lang/ObjectCustomizer> (0x0000000085e41b10) thrown at [t:/workspace/open/src/hotspot/share/classfile/systemDictionary.cpp, line 233]
Event: 12.591 Thread 0x000002e0c922f800 Exception <a 'java/lang/ClassNotFoundException'{0x0000000085e521c8}: org/springframework/boot/devtools/autoconfigure/LocalDevToolsAutoConfigurationCustomizer> (0x0000000085e521c8) thrown at [t:/workspace/open/src/hotspot/share/classfile/systemDictionary.c
Event: 12.607 Thread 0x000002e0c922f800 Exception <a 'java/lang/NoSuchMethodError'{0x0000000085ebd990}: method resolution failed> (0x0000000085ebd990) thrown at [t:/workspace/open/src/hotspot/share/prims/methodHandles.cpp, line 1226]
Event: 12.608 Thread 0x000002e0c922f800 Exception <a 'java/lang/NoSuchMethodError'{0x0000000085ec5a68}: method resolution failed> (0x0000000085ec5a68) thrown at [t:/workspace/open/src/hotspot/share/prims/methodHandles.cpp, line 1226]
Event: 12.609 Thread 0x000002e0c922f800 Exception <a 'java/lang/NoSuchMethodError'{0x0000000085ec9a58}: method resolution failed> (0x0000000085ec9a58) thrown at [t:/workspace/open/src/hotspot/share/prims/methodHandles.cpp, line 1226]

Events (10 events):
Event: 23.143 loading class com/xuggle/mediatool/event/AStreamMixin done
Event: 23.149 Thread 0x000002e0cade8800 Uncommon trap: trap_request=0xffffff55 fr.pc=0x000002e0b8cc8e44 relative=0x0000000000000204
Event: 23.149 Thread 0x000002e0cade8800 DEOPT PACKING pc=0x000002e0b8cc8e44 sp=0x000000e46b9fc7e0
Event: 23.149 Thread 0x000002e0cade8800 DEOPT UNPACKING pc=0x000002e0b1188a2f sp=0x000000e46b9fc770 mode 2
Event: 23.151 loading class com/xuggle/xuggler/IPacket
Event: 23.151 loading class com/xuggle/xuggler/IPacket done
Event: 23.152 loading class com/xuggle/xuggler/IMediaData
Event: 23.152 loading class com/xuggle/xuggler/IMediaData done
Event: 23.154 loading class com/xuggle/xuggler/IAudioSamples
Event: 23.154 loading class com/xuggle/xuggler/IAudioSamples done


Dynamic libraries:
0x00007ff75ae00000 - 0x00007ff75ae3e000 	C:\Program Files\Java\jdk-10\bin\java.exe
0x00007ffea5b60000 - 0x00007ffea5d50000 	C:\Windows\SYSTEM32\ntdll.dll
0x00007ffea4420000 - 0x00007ffea44d2000 	C:\Windows\System32\KERNEL32.DLL
0x00007ffea31e0000 - 0x00007ffea3483000 	C:\Windows\System32\KERNELBASE.dll
0x00007ffea3c10000 - 0x00007ffea3cb3000 	C:\Windows\System32\ADVAPI32.dll
0x00007ffea59b0000 - 0x00007ffea5a4e000 	C:\Windows\System32\msvcrt.dll
0x00007ffea5a80000 - 0x00007ffea5b17000 	C:\Windows\System32\sechost.dll
0x00007ffea5370000 - 0x00007ffea5490000 	C:\Windows\System32\RPCRT4.dll
0x00007ffea5660000 - 0x00007ffea57f4000 	C:\Windows\System32\USER32.dll
0x00007ffea2c70000 - 0x00007ffea2c91000 	C:\Windows\System32\win32u.dll
0x00007ffea5a50000 - 0x00007ffea5a76000 	C:\Windows\System32\GDI32.dll
0x00007ffea2ef0000 - 0x00007ffea3084000 	C:\Windows\System32\gdi32full.dll
0x00007ffea2e50000 - 0x00007ffea2eee000 	C:\Windows\System32\msvcp_win.dll
0x00007ffea2ca0000 - 0x00007ffea2d9a000 	C:\Windows\System32\ucrtbase.dll
0x00007ffe92720000 - 0x00007ffe929a5000 	C:\Windows\WinSxS\amd64_microsoft.windows.common-controls_6595b64144ccf1df_6.0.18362.720_none_e6beb5c51314836b\COMCTL32.dll
0x00007ffea3d20000 - 0x00007ffea4056000 	C:\Windows\System32\combase.dll
0x00007ffea2af0000 - 0x00007ffea2b70000 	C:\Windows\System32\bcryptPrimitives.dll
0x00007ffea0ed0000 - 0x00007ffea0eda000 	C:\Windows\SYSTEM32\VERSION.dll
0x00007ffea5490000 - 0x00007ffea54be000 	C:\Windows\System32\IMM32.DLL
0x00007ffe6bf70000 - 0x00007ffe6c05f000 	C:\Program Files\Java\jdk-10\bin\msvcr120.dll
0x00007ffe6bcb0000 - 0x00007ffe6bd56000 	C:\Program Files\Java\jdk-10\bin\msvcp120.dll
0x0000000059de0000 - 0x000000005a84f000 	C:\Program Files\Java\jdk-10\bin\server\jvm.dll
0x00007ffea45b0000 - 0x00007ffea45b8000 	C:\Windows\System32\PSAPI.DLL
0x00007ffe88260000 - 0x00007ffe88269000 	C:\Windows\SYSTEM32\WSOCK32.dll
0x00007ffea4720000 - 0x00007ffea478f000 	C:\Windows\System32\WS2_32.dll
0x00007ffe9e970000 - 0x00007ffe9e994000 	C:\Windows\SYSTEM32\WINMM.dll
0x00007ffe9e940000 - 0x00007ffe9e96d000 	C:\Windows\SYSTEM32\WINMMBASE.dll
0x00007ffea2b70000 - 0x00007ffea2bba000 	C:\Windows\System32\cfgmgr32.dll
0x00007ffe91870000 - 0x00007ffe9187f000 	C:\Program Files\Java\jdk-10\bin\verify.dll
0x00007ffea1300000 - 0x00007ffea14f4000 	C:\Windows\SYSTEM32\DBGHELP.DLL
0x00007ffe82a70000 - 0x00007ffe82a9a000 	C:\Windows\SYSTEM32\dbgcore.DLL
0x00007ffe91690000 - 0x00007ffe916b7000 	C:\Program Files\Java\jdk-10\bin\java.dll
0x00007ffe91a90000 - 0x00007ffe91aba000 	C:\Program Files\Java\jdk-10\bin\instrument.dll
0x00007ffe91850000 - 0x00007ffe91866000 	C:\Program Files\Java\jdk-10\bin\zip.dll
0x00007ffe91770000 - 0x00007ffe9177a000 	C:\Program Files\Java\jdk-10\bin\jimage.dll
0x00007ffea4790000 - 0x00007ffea4e75000 	C:\Windows\System32\SHELL32.dll
0x00007ffea4370000 - 0x00007ffea4419000 	C:\Windows\System32\shcore.dll
0x00007ffea3490000 - 0x00007ffea3c10000 	C:\Windows\System32\windows.storage.dll
0x00007ffea2a50000 - 0x00007ffea2a73000 	C:\Windows\System32\profapi.dll
0x00007ffea2a80000 - 0x00007ffea2aca000 	C:\Windows\System32\powrprof.dll
0x00007ffea2a20000 - 0x00007ffea2a30000 	C:\Windows\System32\UMPDC.dll
0x00007ffea4160000 - 0x00007ffea41b2000 	C:\Windows\System32\shlwapi.dll
0x00007ffea2ad0000 - 0x00007ffea2ae1000 	C:\Windows\System32\kernel.appcore.dll
0x00007ffea2c50000 - 0x00007ffea2c67000 	C:\Windows\System32\cryptsp.dll
0x00007ffe906d0000 - 0x00007ffe906ea000 	C:\Program Files\Java\jdk-10\bin\net.dll
0x00007ffe94430000 - 0x00007ffe94521000 	C:\Windows\SYSTEM32\WINHTTP.dll
0x00007ffea2290000 - 0x00007ffea22f7000 	C:\Windows\system32\mswsock.dll
0x00007ffe906b0000 - 0x00007ffe906c1000 	C:\Program Files\Java\jdk-10\bin\nio.dll
0x00007ffe9cae0000 - 0x00007ffe9cafa000 	C:\Program Files\JetBrains\IntelliJ IDEA 2019.1.3\bin\breakgen64.dll
0x00007ffe91760000 - 0x00007ffe91769000 	C:\Program Files\Java\jdk-10\bin\management.dll
0x00007ffe91560000 - 0x00007ffe9156a000 	C:\Program Files\Java\jdk-10\bin\management_ext.dll
0x00007ffe78ed0000 - 0x00007ffe78ee6000 	C:\Windows\system32\napinsp.dll
0x00007ffe78eb0000 - 0x00007ffe78eca000 	C:\Windows\system32\pnrpnsp.dll
0x00007ffea1fe0000 - 0x00007ffea20aa000 	C:\Windows\SYSTEM32\DNSAPI.dll
0x00007ffea4150000 - 0x00007ffea4158000 	C:\Windows\System32\NSI.dll
0x00007ffea1fa0000 - 0x00007ffea1fda000 	C:\Windows\SYSTEM32\IPHLPAPI.DLL
0x00007ffe78ea0000 - 0x00007ffe78eae000 	C:\Windows\System32\winrnr.dll
0x00007ffe9e5b0000 - 0x00007ffe9e5cc000 	C:\Windows\system32\NLAapi.dll
0x00007ffe9d9a0000 - 0x00007ffe9d9b5000 	C:\Windows\system32\wshbth.dll
0x00007ffe8fcb0000 - 0x00007ffe8fcba000 	C:\Windows\System32\rasadhlp.dll
0x00007ffe96090000 - 0x00007ffe96107000 	C:\Windows\System32\fwpuclnt.dll
0x00007ffea2c20000 - 0x00007ffea2c46000 	C:\Windows\System32\bcrypt.dll
0x00007ffea1e00000 - 0x00007ffea1e33000 	C:\Windows\system32\rsaenh.dll
0x00007ffea2940000 - 0x00007ffea2965000 	C:\Windows\SYSTEM32\USERENV.dll
0x00007ffea2460000 - 0x00007ffea246c000 	C:\Windows\SYSTEM32\CRYPTBASE.dll
0x00007ffe96950000 - 0x00007ffe96966000 	C:\Windows\SYSTEM32\dhcpcsvc6.DLL
0x00007ffe99100000 - 0x00007ffe9911c000 	C:\Windows\SYSTEM32\dhcpcsvc.DLL
0x000000006e740000 - 0x000000006fda5000 	C:\Users\USER\AppData\Local\Temp\xuggle\xuggle13703373576625897278.dll
0x00007ffea45c0000 - 0x00007ffea4717000 	C:\Windows\System32\ole32.dll
0x00007ffe970b0000 - 0x00007ffe970c8000 	C:\Windows\SYSTEM32\AVICAP32.dll
0x00007ffe907d0000 - 0x00007ffe907f9000 	C:\Windows\SYSTEM32\MSVFW32.dll

dbghelp: loaded successfully - version: 4.0.5 - missing functions: none
symbol engine: initialized successfully - sym options: 0x614 - pdb path: .;C:\Program Files\Java\jdk-10\bin;C:\Windows\SYSTEM32;C:\Windows\WinSxS\amd64_microsoft.windows.common-controls_6595b64144ccf1df_6.0.18362.720_none_e6beb5c51314836b;C:\Program Files\Java\jdk-10\bin\server;C:\Program Files\JetBrains\IntelliJ IDEA 2019.1.3\bin;C:\Users\USER\AppData\Local\Temp\xuggle

VM Arguments:
jvm_args: -javaagent:C:\Program Files\JetBrains\IntelliJ IDEA 2019.1.3\lib\idea_rt.jar=59708:C:\Program Files\JetBrains\IntelliJ IDEA 2019.1.3\bin -Dfile.encoding=UTF-8 
java_command: com.audiolemon.app.AppApplicationKt
java_class_path (initial): C:\Users\USER\Documents\audio lemon\target\classes;C:\Users\USER\Documents\audio lemon\ext\xuggle-xuggler-5.4.jar;C:\Users\USER\Documents\audio lemon\ext\tritonus_share.jar;C:\Users\USER\Documents\audio lemon\ext\tritonus_aos.jar;C:\Users\USER\Documents\audio lemon\ext\h2\bin\h2-1.4.200.jar;C:\Users\USER\.m2\repository\org\slf4j\jcl-over-slf4j\1.7.29\jcl-over-slf4j-1.7.29.jar;C:\Users\USER\.m2\repository\commons-io\commons-io\2.6\commons-io-2.6.jar;C:\Users\USER\.m2\repository\javazoom\jlayer\1.0.1\jlayer-1.0.1.jar;C:\Users\USER\.m2\repository\log4j\log4j\1.2.16\log4j-1.2.16.jar;C:\Users\USER\.m2\repository\com\googlecode\soundlibs\mp3spi\1.9.5-1\mp3spi-1.9.5-1.jar;C:\Users\USER\.m2\repository\com\googlecode\soundlibs\jlayer\1.0.1-1\jlayer-1.0.1-1.jar;C:\Users\USER\.m2\repository\junit\junit\4.13\junit-4.13.jar;C:\Users\USER\.m2\repository\org\hamcrest\hamcrest-core\2.2\hamcrest-core-2.2.jar;C:\Users\USER\.m2\repository\com\googlecode\soundlibs\tritonus-share\0.3.7-1\tritonus-share-0.3.7-1.jar;C:\Users\USER\.m2\repository\org\slf4j\slf4j-api\1.7.29\slf4j-api-1.7.29.jar;C:\Users\USER\.m2\repository\com\google\code\gson\gson\2.8.6\gson-2.8.6.jar;C:\Users\USER\.m2\repository\org\jetbrains\kotlinx\kotlinx-coroutines-core\1.3.7\kotlinx-coroutines-core-1.3.7.jar;C:\Users\USER\.m2\repository\org\jetbrains\kotlin\kotlin-stdlib\1.3.72\kotlin-stdlib-1.3.72.jar;C:\Users\USER\.m2\repository\org\jetbrains\annotations\13.0\annotations-13.0.jar;C:\Users\USER\.m2\repository\org\jetbrains\kotlin\kotlin-stdlib-common\1.3.72\kotlin-stdlib-common-1.3.72.jar;C:\Users\USER\.m2\repository\org\springframework\boot\spring-boot-devtools\2.4.0-SNAPSHOT\spring-boot-devtools-2.4.0-20200624.113939-123.jar;C:\Users\USER\.m2\repository\org\springframework\boot\spring-boot\2.4.0-SNAPSHOT\spring-boot-2.4.0-20200624.113939-123.jar;C:\Users\USER\.m2\repository\org\springframework\spring-context\5.3.0-SNAPSHOT\spring-context-5.3.0-20200624.120415-203.jar;C:\Users\USER\.m2\r
Launcher Type: SUN_STANDARD

Logging:
Log output configuration:
#0: stdout all=warning uptime,level,tags
#1: stderr all=off uptime,level,tags

Environment Variables:
PATH=C:\ProgramData\Oracle\Java\javapath;C:\Windows\system32;C:\Windows;C:\Windows\System32\Wbem;C:\Windows\System32\WindowsPowerShell\v1.0\;C:\Windows\System32\OpenSSH\;C:\Program Files\Microsoft VS Code\bin;C:\ProgramData\chocolatey\bin;C:\Program Files\nodejs\;C:\Users\USER\AppData\Local\Microsoft\WindowsApps;C:\Program Files\JetBrains\IntelliJ IDEA 2019.1.3\bin;C:\Users\USER\AppData\Roaming\npm;C:\Users\USER\AppData\Local\Programs\Microsoft VS Code\bin;C:\Program Files\heroku\bin;C:\Users\USER\AppData\Local\GitHubDesktop\bin
USERNAME=USER
OS=Windows_NT
PROCESSOR_IDENTIFIER=Intel64 Family 6 Model 61 Stepping 4, GenuineIntel



---------------  S Y S T E M  ---------------

OS: Windows 10 , 64 bit Build 18362 (10.0.18362.329)

CPU:total 4 (initial active 4) (2 cores per cpu, 2 threads per core) family 6 model 61 stepping 4, cmov, cx8, fxsr, mmx, sse, sse2, sse3, ssse3, sse4.1, sse4.2, popcnt, avx, avx2, aes, clmul, erms, rtm, 3dnowpref, lzcnt, ht, tsc, tscinvbit, bmi1, bmi2, adx, fma

Memory: 4k page, physical 8274176k(1332844k free), swap 14059252k(2680928k free)

vm_info: Java HotSpot(TM) 64-Bit Server VM (10+46) for windows-amd64 JRE (10+46), built on Mar  8 2018 02:11:18 by "mach5one" with MS VC++ 12.0 (VS2013)

END.
